\BOOKMARK [1][-]{section.1}{\376\377\000I\000n\000t\000r\000o\000d\000u\000c\000c\000i\000\363\000n}{}% 1
\BOOKMARK [1][-]{section.2}{\376\377\000O\000b\000j\000e\000t\000i\000v\000o\000s\000\040\000y\000\040\000a\000l\000c\000a\000n\000c\000e}{}% 2
\BOOKMARK [2][-]{subsection.2.1}{\376\377\000O\000b\000j\000e\000t\000i\000v\000o\000\040\000g\000e\000n\000e\000r\000a\000l}{section.2}% 3
\BOOKMARK [2][-]{subsection.2.2}{\376\377\000O\000b\000j\000e\000t\000i\000v\000o\000s\000\040\000e\000s\000p\000e\000c\000\355\000f\000i\000c\000o\000s}{section.2}% 4
\BOOKMARK [2][-]{subsection.2.3}{\376\377\000R\000e\000s\000u\000m\000e\000n\000\040\000d\000e\000\040\000e\000s\000t\000a\000d\000o}{section.2}% 5
\BOOKMARK [1][-]{section.3}{\376\377\000A\000r\000q\000u\000i\000t\000e\000c\000t\000u\000r\000a\000\040\000d\000e\000l\000\040\000r\000e\000p\000o\000s\000i\000t\000o\000r\000i\000o}{}% 6
\BOOKMARK [2][-]{subsection.3.1}{\376\377\000W\000o\000r\000k\000s\000p\000a\000c\000e\000\040\000R\000u\000s\000t}{section.3}% 7
\BOOKMARK [2][-]{subsection.3.2}{\376\377\000P\000i\000p\000e\000l\000i\000n\000e\000\040\000d\000e\000\040\000c\000o\000m\000p\000i\000l\000a\000c\000i\000\363\000n}{section.3}% 8
\BOOKMARK [2][-]{subsection.3.3}{\376\377\000V\000e\000n\000t\000a\000j\000a\000s\000\040\000y\000\040\000c\000o\000s\000t\000o\000s\000\040\000d\000e\000\040\000l\000a\000\040\000s\000e\000p\000a\000r\000a\000c\000i\000\363\000n\000\040\000p\000o\000r\000\040\000f\000a\000s\000e\000s}{section.3}% 9
\BOOKMARK [1][-]{section.4}{\376\377\000F\000r\000o\000n\000t\000e\000n\000d\000\040\000l\000\351\000x\000i\000c\000o\000\040\000y\000\040\000s\000i\000n\000t\000\341\000c\000t\000i\000c\000o}{}% 10
\BOOKMARK [2][-]{subsection.4.1}{\376\377\000C\000r\000a\000t\000e\000\040\000h\000u\000l\000k\000-\000l\000e\000x\000g\000e\000n\000:\000\040\000e\000s\000p\000e\000c\000i\000f\000i\000c\000a\000c\000i\000\363\000n\000\040\000d\000e\000c\000l\000a\000r\000a\000t\000i\000v\000a\000\040\000d\000e\000\040\000l\000e\000x\000e\000r}{section.4}% 11
\BOOKMARK [2][-]{subsection.4.2}{\376\377\000C\000r\000a\000t\000e\000\040\000h\000u\000l\000k\000-\000p\000a\000r\000s\000e\000g\000e\000n\000:\000\040\000p\000a\000r\000s\000e\000r\000\040\000L\000L\000\050\0001\000\051\000\040\000y\000\040\000P\000r\000a\000t\000t\000\040\000p\000a\000r\000s\000e\000r}{section.4}% 12
\BOOKMARK [2][-]{subsection.4.3}{\376\377\000C\000r\000a\000t\000e\000\040\000h\000u\000l\000k\000-\000f\000r\000o\000n\000t\000e\000n\000d\000:\000\040\000A\000S\000T\000\040\000y\000\040\000p\000i\000p\000e\000l\000i\000n\000e\000\040\000d\000e\000\040\000p\000a\000r\000s\000e\000o}{section.4}% 13
\BOOKMARK [1][-]{section.5}{\376\377\000A\000n\000\341\000l\000i\000s\000i\000s\000\040\000s\000e\000m\000\341\000n\000t\000i\000c\000o\000\040\000e\000\040\000H\000I\000R\000\040\000t\000i\000p\000a\000d\000a}{}% 14
\BOOKMARK [2][-]{subsection.5.1}{\376\377\000C\000r\000a\000t\000e\000\040\000h\000u\000l\000k\000-\000s\000e\000m\000a\000:\000\040\000r\000e\000s\000p\000o\000n\000s\000a\000b\000i\000l\000i\000d\000a\000d\000e\000s\000\040\000g\000e\000n\000e\000r\000a\000l\000e\000s}{section.5}% 15
\BOOKMARK [2][-]{subsection.5.2}{\376\377\000S\000i\000s\000t\000e\000m\000a\000\040\000d\000e\000\040\000t\000i\000p\000o\000s\000:\000\040\000T\000y\000p\000e\000\040\000y\000\040\000T\000y\000p\000e\000R\000e\000g\000i\000s\000t\000r\000y}{section.5}% 16
\BOOKMARK [2][-]{subsection.5.3}{\376\377\000S\000c\000o\000p\000e\000s\000\040\000y\000\040\000e\000n\000t\000o\000r\000n\000o\000\040\000d\000e\000\040\000t\000i\000p\000o\000s\000:\000\040\000T\000y\000p\000e\000E\000n\000v}{section.5}% 17
\BOOKMARK [2][-]{subsection.5.4}{\376\377\000I\000n\000f\000e\000r\000e\000n\000c\000i\000a\000\040\000i\000t\000e\000r\000a\000t\000i\000v\000a\000\040\000d\000e\000\040\000t\000i\000p\000o\000s}{section.5}% 18
\BOOKMARK [2][-]{subsection.5.5}{\376\377\000H\000I\000R\000\040\000t\000i\000p\000a\000d\000a\000:\000\040\000e\000s\000t\000r\000u\000c\000t\000u\000r\000a\000\040\000y\000\040\000c\000o\000n\000t\000r\000a\000t\000o\000s}{section.5}% 19
\BOOKMARK [2][-]{subsection.5.6}{\376\377\000E\000r\000r\000o\000r\000e\000s\000\040\000s\000e\000m\000\341\000n\000t\000i\000c\000o\000s}{section.5}% 20
\BOOKMARK [1][-]{section.6}{\376\377\000R\000e\000p\000r\000e\000s\000e\000n\000t\000a\000c\000i\000\363\000n\000\040\000i\000n\000t\000e\000r\000m\000e\000d\000i\000a\000\040\000p\000r\000o\000p\000i\000a\000\040\000\050\000H\000u\000l\000k\000\040\000I\000R\000\051}{}% 21
\BOOKMARK [2][-]{subsection.6.1}{\376\377\000M\000o\000t\000i\000v\000a\000c\000i\000\363\000n\000\040\000y\000\040\000d\000i\000s\000e\000\361\000o\000\040\000g\000e\000n\000e\000r\000a\000l}{section.6}% 22
\BOOKMARK [2][-]{subsection.6.2}{\376\377\000T\000i\000p\000o\000s\000\040\000e\000\040\000i\000d\000e\000n\000t\000i\000f\000i\000c\000a\000d\000o\000r\000e\000s\000\040\000c\000o\000n\000\040\000t\000i\000p\000o\000s\000\040\000f\000u\000e\000r\000t\000e\000s}{section.6}% 23
\BOOKMARK [2][-]{subsection.6.3}{\376\377\000L\000a\000y\000o\000u\000t\000s\000\040\000d\000e\000\040\000t\000i\000p\000o\000s\000:\000\040\000a\000t\000r\000i\000b\000u\000t\000o\000s\000\040\000y\000\040\000v\000t\000a\000b\000l\000e}{section.6}% 24
\BOOKMARK [2][-]{subsection.6.4}{\376\377\000F\000u\000n\000c\000i\000o\000n\000e\000s\000:\000\040\000c\000l\000a\000s\000i\000f\000i\000c\000a\000c\000i\000\363\000n\000\040\000p\000o\000r\000\040\000k\000i\000n\000d}{section.6}% 25
\BOOKMARK [2][-]{subsection.6.5}{\376\377\000V\000a\000l\000o\000r\000e\000s\000\040\000y\000\040\000l\000u\000g\000a\000r\000e\000s\000:\000\040\000l\000a\000\040\000d\000i\000s\000t\000i\000n\000c\000i\000\363\000n\000\040\000r\000e\000a\000d\000/\000w\000r\000i\000t\000e}{section.6}% 26
\BOOKMARK [2][-]{subsection.6.6}{\376\377\000C\000o\000n\000j\000u\000n\000t\000o\000\040\000d\000e\000\040\000i\000n\000s\000t\000r\000u\000c\000c\000i\000o\000n\000e\000s}{section.6}% 27
\BOOKMARK [1][-]{section.7}{\376\377\000L\000o\000w\000e\000r\000i\000n\000g\000:\000\040\000d\000e\000\040\000H\000I\000R\000\040\000a\000\040\000H\000u\000l\000k\000\040\000I\000R}{}% 28
\BOOKMARK [2][-]{subsection.7.1}{\376\377\000R\000e\000s\000p\000o\000n\000s\000a\000b\000i\000l\000i\000d\000a\000d\000e\000s\000\040\000d\000e\000l\000\040\000c\000r\000a\000t\000e\000\040\000h\000u\000l\000k\000-\000l\000o\000w\000e\000r}{section.7}% 29
\BOOKMARK [2][-]{subsection.7.2}{\376\377\000C\000o\000n\000s\000t\000r\000u\000c\000c\000i\000\363\000n\000\040\000d\000e\000\040\000l\000a\000y\000o\000u\000t\000s\000\040\000d\000e\000\040\000t\000i\000p\000o\000s\000\040\000y\000\040\000v\000t\000a\000b\000l\000e\000s}{section.7}% 30
\BOOKMARK [2][-]{subsection.7.3}{\376\377\000L\000o\000w\000e\000r\000i\000n\000g\000\040\000d\000e\000\040\000e\000x\000p\000r\000e\000s\000i\000o\000n\000e\000s}{section.7}% 31
\BOOKMARK [2][-]{subsection.7.4}{\376\377\000L\000o\000w\000e\000r\000i\000n\000g\000\040\000d\000e\000\040\000l\000a\000m\000b\000d\000a\000s\000\040\000y\000\040\000c\000l\000o\000s\000u\000r\000e\000s}{section.7}% 32
\BOOKMARK [1][-]{section.8}{\376\377\000B\000a\000c\000k\000e\000n\000d\000\040\000L\000L\000V\000M\000\040\000y\000\040\000r\000u\000n\000t\000i\000m\000e}{}% 33
\BOOKMARK [2][-]{subsection.8.1}{\376\377\000C\000r\000a\000t\000e\000\040\000h\000u\000l\000k\000-\000c\000o\000d\000e\000g\000e\000n\000-\000l\000l\000v\000m\000:\000\040\000e\000m\000i\000s\000i\000\363\000n\000\040\000d\000e\000\040\000L\000L\000V\000M\000\040\000I\000R}{section.8}% 34
\BOOKMARK [2][-]{subsection.8.2}{\376\377\000M\000a\000p\000e\000o\000\040\000d\000e\000\040\000t\000i\000p\000o\000s\000\040\000I\000R\000\040\000a\000\040\000L\000L\000V\000M}{section.8}% 35
\BOOKMARK [2][-]{subsection.8.3}{\376\377\000A\000B\000I\000\040\000c\000o\000n\000\040\000e\000l\000\040\000r\000u\000n\000t\000i\000m\000e}{section.8}% 36
\BOOKMARK [2][-]{subsection.8.4}{\376\377\000C\000r\000a\000t\000e\000\040\000r\000u\000n\000t\000i\000m\000e\000/\000:\000\040\000e\000s\000t\000r\000u\000c\000t\000u\000r\000a\000s\000\040\000y\000\040\000m\000o\000d\000e\000l\000o\000\040\000d\000e\000\040\000o\000b\000j\000e\000t\000o\000s\000\040\000e\000n\000\040\000C}{section.8}% 37
\BOOKMARK [2][-]{subsection.8.5}{\376\377\000B\000u\000i\000l\000t\000i\000n\000s\000\040\000m\000a\000t\000e\000m\000\341\000t\000i\000c\000o\000s\000\040\000y\000\040\000m\000\351\000t\000o\000d\000o\000s\000\040\000d\000e\000\040\000S\000t\000r\000i\000n\000g}{section.8}% 38
\BOOKMARK [2][-]{subsection.8.6}{\376\377\000C\000o\000m\000p\000r\000o\000b\000a\000c\000i\000o\000n\000e\000s\000\040\000d\000e\000\040\000s\000e\000g\000u\000r\000i\000d\000a\000d\000\040\000e\000n\000\040\000r\000u\000n\000t\000i\000m\000e}{section.8}% 39
\BOOKMARK [2][-]{subsection.8.7}{\376\377\000D\000r\000i\000v\000e\000r\000\040\000e\000\040\000i\000n\000t\000e\000g\000r\000a\000c\000i\000\363\000n\000\040\000c\000o\000n\000\040\000c\000l\000a\000n\000g}{section.8}% 40
\BOOKMARK [2][-]{subsection.8.8}{\376\377\000M\000a\000k\000e\000f\000i\000l\000e}{section.8}% 41
\BOOKMARK [1][-]{section.9}{\376\377\000E\000s\000t\000r\000a\000t\000e\000g\000i\000a\000\040\000d\000e\000\040\000p\000r\000u\000e\000b\000a\000s}{}% 42
\BOOKMARK [2][-]{subsection.9.1}{\376\377\000P\000r\000u\000e\000b\000a\000s\000\040\000p\000o\000r\000\040\000c\000a\000p\000a\000s}{section.9}% 43
\BOOKMARK [2][-]{subsection.9.2}{\376\377\000P\000r\000u\000e\000b\000a\000s\000\040\000d\000e\000\040\000i\000n\000t\000e\000g\000r\000a\000c\000i\000\363\000n\000\040\000e\000j\000e\000c\000u\000t\000a\000b\000l\000e}{section.9}% 44
\BOOKMARK [2][-]{subsection.9.3}{\376\377\000C\000I}{section.9}% 45
\BOOKMARK [1][-]{section.10}{\376\377\000E\000x\000t\000e\000n\000s\000i\000o\000n\000e\000s\000\040\000d\000e\000l\000\040\000l\000e\000n\000g\000u\000a\000j\000e}{}% 46
\BOOKMARK [2][-]{subsection.10.1}{\376\377\000E\000x\000t\000e\000n\000s\000i\000\363\000n\000\040\0001\000:\000\040\000i\000n\000f\000e\000r\000e\000n\000c\000i\000a\000\040\000d\000e\000\040\000t\000i\000p\000o\000s\000\040\000s\000i\000n\000\040\000a\000n\000o\000t\000a\000c\000i\000o\000n\000e\000s}{section.10}% 47
\BOOKMARK [3][-]{subsubsection.10.1.1}{\376\377\000M\000o\000t\000i\000v\000a\000c\000i\000\363\000n}{subsection.10.1}% 48
\BOOKMARK [3][-]{subsubsection.10.1.2}{\376\377\000C\000\363\000m\000o\000\040\000s\000e\000\040\000i\000m\000p\000l\000e\000m\000e\000n\000t\000\363}{subsection.10.1}% 49
\BOOKMARK [3][-]{subsubsection.10.1.3}{\376\377\000P\000o\000r\000\040\000q\000u\000\351\000\040\000m\000e\000j\000o\000r\000a\000\040\000e\000l\000\040\000s\000i\000s\000t\000e\000m\000a}{subsection.10.1}% 50
\BOOKMARK [2][-]{subsection.10.2}{\376\377\000E\000x\000t\000e\000n\000s\000i\000\363\000n\000\040\0002\000:\000\040\000p\000r\000o\000t\000o\000c\000o\000l\000o\000s\000\040\000e\000\040\000i\000n\000t\000e\000r\000f\000a\000c\000e\000s\000\040\000e\000s\000t\000r\000u\000c\000t\000u\000r\000a\000l\000e\000s}{section.10}% 51
\BOOKMARK [3][-]{subsubsection.10.2.1}{\376\377\000M\000o\000t\000i\000v\000a\000c\000i\000\363\000n}{subsection.10.2}% 52
\BOOKMARK [3][-]{subsubsection.10.2.2}{\376\377\000C\000\363\000m\000o\000\040\000s\000e\000\040\000i\000m\000p\000l\000e\000m\000e\000n\000t\000\363}{subsection.10.2}% 53
\BOOKMARK [3][-]{subsubsection.10.2.3}{\376\377\000P\000o\000r\000\040\000q\000u\000\351\000\040\000m\000e\000j\000o\000r\000a\000\040\000e\000l\000\040\000s\000i\000s\000t\000e\000m\000a}{subsection.10.2}% 54
\BOOKMARK [2][-]{subsection.10.3}{\376\377\000E\000x\000t\000e\000n\000s\000i\000\363\000n\000\040\0003\000:\000\040\000a\000r\000r\000e\000g\000l\000o\000s\000\040\000i\000n\000d\000e\000x\000a\000d\000o\000s\000\040\000c\000o\000n\000\040\000i\000n\000i\000c\000i\000a\000l\000i\000z\000a\000c\000i\000\363\000n\000\040\000f\000u\000n\000c\000i\000o\000n\000a\000l}{section.10}% 55
\BOOKMARK [3][-]{subsubsection.10.3.1}{\376\377\000M\000o\000t\000i\000v\000a\000c\000i\000\363\000n}{subsection.10.3}% 56
\BOOKMARK [3][-]{subsubsection.10.3.2}{\376\377\000T\000r\000e\000s\000\040\000f\000o\000r\000m\000a\000s\000\040\000d\000e\000\040\000c\000r\000e\000a\000c\000i\000\363\000n}{subsection.10.3}% 57
\BOOKMARK [3][-]{subsubsection.10.3.3}{\376\377\000C\000\363\000m\000o\000\040\000s\000e\000\040\000i\000m\000p\000l\000e\000m\000e\000n\000t\000\363}{subsection.10.3}% 58
\BOOKMARK [3][-]{subsubsection.10.3.4}{\376\377\000P\000o\000r\000\040\000q\000u\000\351\000\040\000m\000e\000j\000o\000r\000a\000\040\000e\000l\000\040\000s\000i\000s\000t\000e\000m\000a}{subsection.10.3}% 59
\BOOKMARK [2][-]{subsection.10.4}{\376\377\000E\000x\000t\000e\000n\000s\000i\000\363\000n\000\040\0004\000:\000\040\000g\000e\000n\000e\000r\000a\000d\000o\000r\000e\000s\000\040\000e\000\040\000i\000t\000e\000r\000a\000b\000l\000e\000s\000\040\000d\000e\000\040\000u\000s\000u\000a\000r\000i\000o}{section.10}% 60
\BOOKMARK [3][-]{subsubsection.10.4.1}{\376\377\000M\000o\000t\000i\000v\000a\000c\000i\000\363\000n}{subsection.10.4}% 61
\BOOKMARK [3][-]{subsubsection.10.4.2}{\376\377\000C\000\363\000m\000o\000\040\000s\000e\000\040\000i\000m\000p\000l\000e\000m\000e\000n\000t\000\363}{subsection.10.4}% 62
\BOOKMARK [3][-]{subsubsection.10.4.3}{\376\377\000P\000o\000r\000\040\000q\000u\000\351\000\040\000m\000e\000j\000o\000r\000a\000\040\000e\000l\000\040\000s\000i\000s\000t\000e\000m\000a}{subsection.10.4}% 63
\BOOKMARK [2][-]{subsection.10.5}{\376\377\000E\000x\000t\000e\000n\000s\000i\000\363\000n\000\040\0005\000:\000\040\000l\000a\000m\000b\000d\000a\000s\000,\000\040\000c\000l\000o\000s\000u\000r\000e\000s\000\040\000y\000\040\000f\000u\000n\000c\000i\000o\000n\000e\000s\000\040\000d\000e\000\040\000o\000r\000d\000e\000n\000\040\000s\000u\000p\000e\000r\000i\000o\000r}{section.10}% 64
\BOOKMARK [3][-]{subsubsection.10.5.1}{\376\377\000M\000o\000t\000i\000v\000a\000c\000i\000\363\000n}{subsection.10.5}% 65
\BOOKMARK [3][-]{subsubsection.10.5.2}{\376\377\000C\000\363\000m\000o\000\040\000s\000e\000\040\000i\000m\000p\000l\000e\000m\000e\000n\000t\000\363}{subsection.10.5}% 66
\BOOKMARK [3][-]{subsubsection.10.5.3}{\376\377\000P\000o\000r\000\040\000q\000u\000\351\000\040\000m\000e\000j\000o\000r\000a\000\040\000e\000l\000\040\000s\000i\000s\000t\000e\000m\000a}{subsection.10.5}% 67
\BOOKMARK [2][-]{subsection.10.6}{\376\377\000E\000x\000t\000e\000n\000s\000i\000\363\000n\000\040\0006\000:\000\040\000d\000e\000f\000i\000n\000e\000\040\000c\000o\000m\000o\000\040\000d\000e\000f\000i\000n\000i\000c\000i\000\363\000n\000\040\000d\000e\000\040\000e\000x\000p\000r\000e\000s\000i\000\363\000n\000\040\000\372\000n\000i\000c\000a}{section.10}% 68
\BOOKMARK [3][-]{subsubsection.10.6.1}{\376\377\000M\000o\000t\000i\000v\000a\000c\000i\000\363\000n}{subsection.10.6}% 69
\BOOKMARK [3][-]{subsubsection.10.6.2}{\376\377\000C\000\363\000m\000o\000\040\000s\000e\000\040\000i\000m\000p\000l\000e\000m\000e\000n\000t\000\363}{subsection.10.6}% 70
\BOOKMARK [3][-]{subsubsection.10.6.3}{\376\377\000P\000o\000r\000\040\000q\000u\000\351\000\040\000m\000e\000j\000o\000r\000a\000\040\000e\000l\000\040\000s\000i\000s\000t\000e\000m\000a}{subsection.10.6}% 71
\BOOKMARK [2][-]{subsection.10.7}{\376\377\000E\000x\000t\000e\000n\000s\000i\000\363\000n\000\040\0007\000:\000\040\000f\000o\000r\000\040\000s\000o\000b\000r\000e\000\040\000i\000t\000e\000r\000a\000b\000l\000e\000s\000\040\000y\000\040\000e\000l\000\040\000b\000u\000i\000l\000t\000i\000n\000\040\000r\000a\000n\000g\000e}{section.10}% 72
\BOOKMARK [3][-]{subsubsection.10.7.1}{\376\377\000M\000o\000t\000i\000v\000a\000c\000i\000\363\000n}{subsection.10.7}% 73
\BOOKMARK [3][-]{subsubsection.10.7.2}{\376\377\000C\000o\000m\000p\000o\000r\000t\000a\000m\000i\000e\000n\000t\000o\000\040\000d\000e\000\040\000r\000a\000n\000g\000e}{subsection.10.7}% 74
\BOOKMARK [3][-]{subsubsection.10.7.3}{\376\377\000C\000\363\000m\000o\000\040\000s\000e\000\040\000i\000m\000p\000l\000e\000m\000e\000n\000t\000\363}{subsection.10.7}% 75
\BOOKMARK [3][-]{subsubsection.10.7.4}{\376\377\000P\000o\000r\000\040\000q\000u\000\351\000\040\000m\000e\000j\000o\000r\000a\000\040\000e\000l\000\040\000s\000i\000s\000t\000e\000m\000a}{subsection.10.7}% 76
\BOOKMARK [2][-]{subsection.10.8}{\376\377\000E\000x\000t\000e\000n\000s\000i\000\363\000n\000\040\0008\000:\000\040\000v\000i\000s\000i\000b\000i\000l\000i\000d\000a\000d\000\040\000p\000r\000o\000t\000e\000g\000i\000d\000a\000\040\000d\000e\000\040\000a\000t\000r\000i\000b\000u\000t\000o\000s\000\040\000e\000n\000\040\000j\000e\000r\000a\000r\000q\000u\000\355\000a\000s\000\040\000d\000e\000\040\000h\000e\000r\000e\000n\000c\000i\000a}{section.10}% 77
\BOOKMARK [3][-]{subsubsection.10.8.1}{\376\377\000C\000o\000n\000t\000e\000x\000t\000o\000:\000\040\000l\000o\000\040\000q\000u\000e\000\040\000d\000i\000c\000e\000\040\000l\000a\000\040\000e\000s\000p\000e\000c\000i\000f\000i\000c\000a\000c\000i\000\363\000n}{subsection.10.8}% 78
\BOOKMARK [3][-]{subsubsection.10.8.2}{\376\377\000Q\000u\000\351\000\040\000s\000e\000\040\000i\000m\000p\000l\000e\000m\000e\000n\000t\000\363\000:\000\040\000v\000i\000s\000i\000b\000i\000l\000i\000d\000a\000d\000\040\000p\000r\000o\000t\000e\000g\000i\000d\000a}{subsection.10.8}% 79
\BOOKMARK [3][-]{subsubsection.10.8.3}{\376\377\000E\000v\000i\000d\000e\000n\000c\000i\000a\000\040\000d\000i\000r\000e\000c\000t\000a\000\040\000e\000n\000\040\000l\000o\000s\000\040\000t\000e\000s\000t\000s}{subsection.10.8}% 80
\BOOKMARK [3][-]{subsubsection.10.8.4}{\376\377\000C\000\363\000m\000o\000\040\000f\000u\000n\000c\000i\000o\000n\000a\000\040\000e\000n\000\040\000e\000l\000\040\000c\000o\000m\000p\000i\000l\000a\000d\000o\000r\000:\000\040\000l\000a\000\040\000l\000\363\000g\000i\000c\000a\000\040\000e\000x\000a\000c\000t\000a}{subsection.10.8}% 81
\BOOKMARK [3][-]{subsubsection.10.8.5}{\376\377\000J\000u\000s\000t\000i\000f\000i\000c\000a\000c\000i\000o\000n\000e\000s\000\040\000d\000e\000\040\000p\000o\000r\000\040\000q\000u\000\351\000\040\000e\000s\000t\000a\000\040\000e\000x\000t\000e\000n\000s\000i\000\363\000n\000\040\000m\000e\000j\000o\000r\000a\000\040\000e\000l\000\040\000l\000e\000n\000g\000u\000a\000j\000e}{subsection.10.8}% 82
\BOOKMARK [3][-]{subsubsection.10.8.6}{\376\377\000R\000e\000g\000l\000a\000\040\000f\000i\000n\000a\000l\000\040\000a\000p\000l\000i\000c\000a\000d\000a\000\040\000p\000o\000r\000\040\000e\000l\000\040\000c\000o\000m\000p\000i\000l\000a\000d\000o\000r}{subsection.10.8}% 83
\BOOKMARK [2][-]{subsection.10.9}{\376\377\000E\000x\000t\000e\000n\000s\000i\000\363\000n\000\040\0009\000:\000\040\000p\000a\000t\000t\000e\000r\000n\000\040\000m\000a\000t\000c\000h\000i\000n\000g}{section.10}% 84
\BOOKMARK [3][-]{subsubsection.10.9.1}{\376\377\000M\000o\000t\000i\000v\000a\000c\000i\000\363\000n}{subsection.10.9}% 85
\BOOKMARK [3][-]{subsubsection.10.9.2}{\376\377\000S\000i\000n\000t\000a\000x\000i\000s}{subsection.10.9}% 86
\BOOKMARK [3][-]{subsubsection.10.9.3}{\376\377\000T\000i\000p\000o\000s\000\040\000d\000e\000\040\000p\000a\000t\000r\000o\000n\000e\000s}{subsection.10.9}% 87
\BOOKMARK [3][-]{subsubsection.10.9.4}{\376\377\000V\000e\000r\000i\000f\000i\000c\000a\000c\000i\000\363\000n\000\040\000d\000e\000\040\000e\000x\000h\000a\000u\000s\000t\000i\000v\000i\000d\000a\000d}{subsection.10.9}% 88
\BOOKMARK [3][-]{subsubsection.10.9.5}{\376\377\000C\000\363\000m\000o\000\040\000s\000e\000\040\000i\000m\000p\000l\000e\000m\000e\000n\000t\000\363}{subsection.10.9}% 89
\BOOKMARK [3][-]{subsubsection.10.9.6}{\376\377\000P\000o\000r\000\040\000q\000u\000\351\000\040\000m\000e\000j\000o\000r\000a\000\040\000e\000l\000\040\000s\000i\000s\000t\000e\000m\000a}{subsection.10.9}% 90
\BOOKMARK [1][-]{section.11}{\376\377\000C\000o\000m\000p\000a\000r\000a\000c\000i\000\363\000n\000\040\000c\000o\000n\000\040\000l\000a\000\040\000p\000l\000a\000n\000i\000f\000i\000c\000a\000c\000i\000\363\000n\000\040\000i\000n\000i\000c\000i\000a\000l}{}% 91
\BOOKMARK [1][-]{section.12}{\376\377\000L\000i\000m\000i\000t\000a\000c\000i\000o\000n\000e\000s}{}% 92
\BOOKMARK [2][-]{subsection.12.1}{\376\377\000R\000u\000n\000t\000i\000m\000e\000\040\000s\000i\000n\000\040\000r\000e\000c\000o\000l\000e\000c\000t\000o\000r\000\040\000d\000e\000\040\000b\000a\000s\000u\000r\000a}{section.12}% 93
\BOOKMARK [2][-]{subsection.12.2}{\376\377\000C\000o\000b\000e\000r\000t\000u\000r\000a\000\040\000d\000e\000l\000\040\000b\000a\000c\000k\000e\000n\000d}{section.12}% 94
\BOOKMARK [2][-]{subsection.12.3}{\376\377\000M\000a\000c\000r\000o\000s}{section.12}% 95
\BOOKMARK [1][-]{section.13}{\376\377\000I\000n\000s\000t\000r\000u\000c\000c\000i\000o\000n\000e\000s\000\040\000d\000e\000\040\000u\000s\000o}{}% 96
\BOOKMARK [2][-]{subsection.13.1}{\376\377\000C\000o\000m\000p\000i\000l\000a\000c\000i\000\363\000n\000\040\000d\000e\000l\000\040\000p\000r\000o\000y\000e\000c\000t\000o}{section.13}% 97
\BOOKMARK [2][-]{subsection.13.2}{\376\377\000U\000s\000o\000\040\000d\000e\000l\000\040\000c\000o\000m\000p\000i\000l\000a\000d\000o\000r}{section.13}% 98
\BOOKMARK [2][-]{subsection.13.3}{\376\377\000R\000e\000q\000u\000i\000s\000i\000t\000o\000s}{section.13}% 99
\BOOKMARK [1][-]{section.14}{\376\377\000C\000o\000n\000c\000l\000u\000s\000i\000o\000n\000e\000s}{}% 100
\BOOKMARK [1][-]{appendix.Alph1}{\376\377\000C\000h\000e\000c\000k\000l\000i\000s\000t\000\040\000f\000i\000n\000a\000l\000\040\000d\000e\000\040\000e\000n\000t\000r\000e\000g\000a}{}% 101
\BOOKMARK [1][-]{appendix.Alph2}{\376\377\000P\000r\000o\000g\000r\000a\000m\000a\000\040\000d\000e\000m\000o\000s\000t\000r\000a\000t\000i\000v\000o\000\040\000s\000u\000g\000e\000r\000i\000d\000o}{}% 102
